<?xml version="1.0" encoding="UTF-8"?>
<!-- Generated by org.testng.reporters.JUnitXMLReporter -->
<testsuite hostname="LAPTOP-1U503TA8" ignored="0" name="Default test" tests="6" failures="0" timestamp="12 Feb 2019 07:50:45 GMT" time="55.849" errors="0">
  <testcase name="verify_launch" time="27.021" classname="com.pagelibrary.com.ranford.Testexcution"/>
  <testcase name="verify_login" time="21.823" classname="com.pagelibrary.com.ranford.Testexcution"/>
  <testcase name="verify_admin_page" time="2.551" classname="com.pagelibrary.com.ranford.Testexcution"/>
  <testcase name="verify_newbranch" time="0.932" classname="com.pagelibrary.com.ranford.Testexcution"/>
  <testcase name="verify_newbranch_creation" time="2.435" classname="com.pagelibrary.com.ranford.Testexcution"/>
  <testcase name="verify_Submit" time="1.009" classname="com.pagelibrary.com.ranford.Testexcution"/>
</testsuite> <!-- Default test -->
